C51 COMPILER V9.60.7.0   DS1302                                                            08/07/2023 17:53:26 PAGE 1   


C51 COMPILER V9.60.7.0, COMPILATION OF MODULE DS1302
OBJECT MODULE PLACED IN .\Objects\DS1302.obj
COMPILER INVOKED BY: D:\Keil_v5\C51\BIN\C51.EXE DS1302.c OPTIMIZE(8,SPEED) BROWSE DEBUG OBJECTEXTEND PRINT(.\Listings\DS
                    -1302.lst) OBJECT(.\Objects\DS1302.obj)

line level    source

   1          #include <STC89C5xRC.H>
   2          
   3          sbit SCLK = P3^6;
   4          sbit IO = P3^4;
   5          sbit CE = P3^5;
   6          
   7          void DS1302_WriteByte(unsigned char Command, Data)
   8          {
   9   1              unsigned char i;
  10   1              Data = Data / 10 * 16 + Data % 10;
  11   1              CE = 1;
  12   1              for(i = 0; i < 8; i++)
  13   1              {
  14   2                      IO = Command & (0x01 << i);
  15   2                      SCLK = 1;
  16   2                      SCLK = 0;
  17   2              }
  18   1              for(i = 0; i < 8; i++)
  19   1              {
  20   2                      IO = Data & (0x01 << i);
  21   2                      SCLK = 1;
  22   2                      SCLK = 0;
  23   2              }
  24   1              CE = 0;
  25   1      }
  26          
  27          unsigned char DS1302_ReadByte(unsigned char Command)
  28          {
  29   1              unsigned char i, Byte = 0x00;
  30   1              CE = 1;
  31   1              for(i = 0; i < 8; i++)
  32   1              {
  33   2                      IO = Command & (0x01 << i);
  34   2                      SCLK = 0;
  35   2                      SCLK = 1;
  36   2              }
  37   1              for(i = 0; i < 8; i++)
  38   1              {
  39   2                      SCLK = 1;
  40   2                      SCLK = 0;
  41   2                      if(IO)
  42   2                              Byte |= (0x01 << i);
  43   2              }
  44   1              CE = 0;
  45   1              IO = 0;
  46   1              Byte = Byte / 16 * 10 + Byte % 16;
  47   1              return Byte;
  48   1      }
  49          
  50          void DS1302_Init()
  51          {
  52   1              CE = 0;
  53   1              SCLK = 0;
  54   1              DS1302_WriteByte(0x8E, 0x00);
C51 COMPILER V9.60.7.0   DS1302                                                            08/07/2023 17:53:26 PAGE 2   

  55   1      }


MODULE INFORMATION:   STATIC OVERLAYABLE
   CODE SIZE        =    229    ----
   CONSTANT SIZE    =   ----    ----
   XDATA SIZE       =   ----    ----
   PDATA SIZE       =   ----    ----
   DATA SIZE        =   ----       3
   IDATA SIZE       =   ----    ----
   BIT SIZE         =   ----    ----
END OF MODULE INFORMATION.


C51 COMPILATION COMPLETE.  0 WARNING(S),  0 ERROR(S)
