C51 COMPILER V9.60.7.0   MAIN                                                              08/07/2023 19:25:21 PAGE 1   


C51 COMPILER V9.60.7.0, COMPILATION OF MODULE MAIN
OBJECT MODULE PLACED IN .\Objects\main.obj
COMPILER INVOKED BY: D:\Keil_v5\C51\BIN\C51.EXE main.c OPTIMIZE(8,SPEED) BROWSE DEBUG OBJECTEXTEND PRINT(.\Listings\main
                    -.lst) OBJECT(.\Objects\main.obj)

line level    source

   1          #include <STC89C5xRC.H>
   2          #include "Ntube.h"
   3          #include "DS1302.h"
   4          
   5          sbit BEEP = P2^5;
   6          
   7          unsigned char Sec, Min, Hou;
   8          
   9          void Timer0_Init(void)
  10          {
  11   1              TMOD &= 0xF0;
  12   1              TMOD |= 0x01;
  13   1              TL0 = 0x66;
  14   1              TH0 = 0xFC;
  15   1              TF0 = 0;
  16   1              TR0 = 1;
  17   1              EA = 1;
  18   1              ET0 = 0;
  19   1      }
  20          
  21          void main()
  22          {
  23   1              DS1302_Init();
  24   1              Timer0_Init();
  25   1              DS1302_WriteByte(0x80, 0);
  26   1              DS1302_WriteByte(0x82, 0);
  27   1              DS1302_WriteByte(0x84, 0);
  28   1              while(1)
  29   1              {
  30   2                      Sec = DS1302_ReadByte(0x81);
  31   2                      Min = DS1302_ReadByte(0x83);
  32   2                      Hou = DS1302_ReadByte(0x85);
  33   2                      Ntube(1, Sec % 10);
  34   2                      Ntube(2, Sec / 10);
  35   2                      Ntube(3, 10);
  36   2                      Ntube(4, Min % 10);
  37   2                      Ntube(5, Min / 10);
  38   2                      Ntube(6, 10);
  39   2                      Ntube(7, Hou % 10);
  40   2                      Ntube(8, Hou / 10);
  41   2                      if(Sec >= 10)
  42   2                              ET0 = 1;
  43   2              }
  44   1      }
  45          
  46          void Timer0_Routine()   interrupt 1
  47          {
  48   1              TL0 = 0x66;
  49   1              TH0 = 0xFC;
  50   1              BEEP = !BEEP;
  51   1      }


MODULE INFORMATION:   STATIC OVERLAYABLE
C51 COMPILER V9.60.7.0   MAIN                                                              08/07/2023 19:25:21 PAGE 2   

   CODE SIZE        =    204    ----
   CONSTANT SIZE    =   ----    ----
   XDATA SIZE       =   ----    ----
   PDATA SIZE       =   ----    ----
   DATA SIZE        =      3    ----
   IDATA SIZE       =   ----    ----
   BIT SIZE         =   ----    ----
END OF MODULE INFORMATION.


C51 COMPILATION COMPLETE.  0 WARNING(S),  0 ERROR(S)
