C51 COMPILER V9.60.7.0   NTUBE                                                             08/07/2023 17:56:32 PAGE 1   


C51 COMPILER V9.60.7.0, COMPILATION OF MODULE NTUBE
OBJECT MODULE PLACED IN .\Objects\Ntube.obj
COMPILER INVOKED BY: D:\Keil_v5\C51\BIN\C51.EXE Ntube.c OPTIMIZE(8,SPEED) BROWSE DEBUG OBJECTEXTEND PRINT(.\Listings\Ntu
                    -be.lst) OBJECT(.\Objects\Ntube.obj)

line level    source

   1          #include <STC89C5xRC.H>
   2          #include "Delay.h"
   3          
   4          unsigned char code num[] = {0x3F, 0x06, 0x5B, 0x4F, 0x66, 0x6D, 0x7D, 0x07, 0x7F, 0x6F, 0x40};
   5          
   6          void Ntube(unsigned char location, number)
   7          {
   8   1              switch (location)
   9   1              {
  10   2                      case 1 : P24 = 0; P23 = 0; P22 = 0; break;
  11   2                      case 2 : P24 = 0; P23 = 0; P22 = 1; break;
  12   2                      case 3 : P24 = 0; P23 = 1; P22 = 0; break;
  13   2                      case 4 : P24 = 0; P23 = 1; P22 = 1; break;
  14   2                      case 5 : P24 = 1; P23 = 0; P22 = 0; break;
  15   2                      case 6 : P24 = 1; P23 = 0; P22 = 1; break;
  16   2                      case 7 : P24 = 1; P23 = 1; P22 = 0; break;
  17   2                      case 8 : P24 = 1; P23 = 1; P22 = 1; break;
  18   2              }
  19   1              P0 = num[number];
  20   1              Delay(1);
  21   1              P0 = 0x00;
  22   1      }


MODULE INFORMATION:   STATIC OVERLAYABLE
   CODE SIZE        =    114    ----
   CONSTANT SIZE    =     11    ----
   XDATA SIZE       =   ----    ----
   PDATA SIZE       =   ----    ----
   DATA SIZE        =   ----    ----
   IDATA SIZE       =   ----    ----
   BIT SIZE         =   ----    ----
END OF MODULE INFORMATION.


C51 COMPILATION COMPLETE.  0 WARNING(S),  0 ERROR(S)
