C51 COMPILER V9.60.7.0   UART                                                              07/31/2023 13:38:35 PAGE 1   


C51 COMPILER V9.60.7.0, COMPILATION OF MODULE UART
OBJECT MODULE PLACED IN .\Objects\UART.obj
COMPILER INVOKED BY: D:\Keil_v5\C51\BIN\C51.EXE UART.c OPTIMIZE(8,SPEED) BROWSE DEBUG OBJECTEXTEND PRINT(.\Listings\UART
                    -.lst) OBJECT(.\Objects\UART.obj)

line level    source

   1          #include <STC89C5xRC.H>
   2          
   3          void UART_Init()
   4          {
   5   1              SCON=0x50;
   6   1              PCON&=0x0F;
   7   1              ET1=0;
   8   1              TL1=0xFD;
   9   1              TH1=0xFD;
  10   1              TMOD&=0x0F;
  11   1              TMOD|=0x20;
  12   1              TR1=1;
  13   1              ES=1;
  14   1              PS=1;
  15   1      }
  16          
  17          void UART_SendData(char byte)
  18          {
  19   1              SBUF=byte;
  20   1              while(TI==0);
  21   1              TI=0;
  22   1      }
  23          
  24          void UATR_GetData()
  25          {
  26   1              P2=~SBUF;
  27   1              while(RI==0);
  28   1              RI=0;
  29   1      }


MODULE INFORMATION:   STATIC OVERLAYABLE
   CODE SIZE        =     46    ----
   CONSTANT SIZE    =   ----    ----
   XDATA SIZE       =   ----    ----
   PDATA SIZE       =   ----    ----
   DATA SIZE        =   ----    ----
   IDATA SIZE       =   ----    ----
   BIT SIZE         =   ----    ----
END OF MODULE INFORMATION.


C51 COMPILATION COMPLETE.  0 WARNING(S),  0 ERROR(S)
