C51 COMPILER V9.60.7.0   KEY                                                               08/08/2023 20:27:32 PAGE 1   


C51 COMPILER V9.60.7.0, COMPILATION OF MODULE KEY
OBJECT MODULE PLACED IN .\Objects\Key.obj
COMPILER INVOKED BY: D:\Keil_v5\C51\BIN\C51.EXE Key.c OPTIMIZE(8,SPEED) BROWSE DEBUG OBJECTEXTEND PRINT(.\Listings\Key.l
                    -st) OBJECT(.\Objects\Key.obj)

line level    source

   1          #include <STC89C5xRC.H>
   2          
   3          unsigned char KeyNumber;
   4          
   5          unsigned char Key()
   6          {
   7   1              unsigned char Temp;
   8   1              Temp = KeyNumber;
   9   1              KeyNumber = 0;
  10   1              return Temp;
  11   1      }
  12          
  13          unsigned char Key_State()
  14          {
  15   1              unsigned char Number = 0;
  16   1              if(P31 == 0)
  17   1                      Number = 1;
  18   1              if(P30 == 0)
  19   1                      Number = 2;
  20   1              if(P32 == 0)
  21   1                      Number = 3;
  22   1              if(P33 == 0)
  23   1                      Number =4;
  24   1              return Number;
  25   1      }
  26          
  27          void Key_Inter()
  28          {
  29   1              static unsigned char LastState, NowState;
  30   1              LastState = NowState;
  31   1              NowState = Key_State();
  32   1              if(LastState == 1 && NowState == 0)
  33   1                      KeyNumber = 1;
  34   1              if(LastState == 2 && NowState == 0)
  35   1                      KeyNumber = 2;
  36   1              if(LastState == 3 && NowState == 0)
  37   1                      KeyNumber = 3;
  38   1              if(LastState == 4 && NowState == 0)
  39   1                      KeyNumber = 4;
  40   1      }


MODULE INFORMATION:   STATIC OVERLAYABLE
   CODE SIZE        =     85    ----
   CONSTANT SIZE    =   ----    ----
   XDATA SIZE       =   ----    ----
   PDATA SIZE       =   ----    ----
   DATA SIZE        =      3    ----
   IDATA SIZE       =   ----    ----
   BIT SIZE         =   ----    ----
END OF MODULE INFORMATION.


C51 COMPILATION COMPLETE.  0 WARNING(S),  0 ERROR(S)
