C51 COMPILER V9.60.7.0   MAIN                                                              08/09/2023 12:06:51 PAGE 1   


C51 COMPILER V9.60.7.0, COMPILATION OF MODULE MAIN
OBJECT MODULE PLACED IN .\Objects\main.obj
COMPILER INVOKED BY: D:\Keil_v5\C51\BIN\C51.EXE main.c OPTIMIZE(8,SPEED) BROWSE DEBUG OBJECTEXTEND PRINT(.\Listings\main
                    -.lst) OBJECT(.\Objects\main.obj)

line level    source

   1          #include <STC89C5xRC.H>
   2          #include "AT24C02.h"
   3          #include "Ntube.h"
   4          #include "Key.h"
   5          
   6          unsigned char KeyNum;
   7          unsigned char Min, Sec, TenMsec;
   8          unsigned char Flag;
   9          
  10          void Timer0_Init()
  11          {
  12   1              TMOD &= 0xF0;
  13   1              TMOD |= 0x01;
  14   1              TL0 = 0x66;
  15   1              TH0 = 0xFC;
  16   1              TF0 = 0;
  17   1              TR0 = 1;
  18   1              EA = 1;
  19   1              ET0 = 1;
  20   1      }
  21          
  22          void main()
  23          {
  24   1              Timer0_Init();
  25   1              while(1)
  26   1              {
  27   2                      KeyNum = Key();
  28   2                      if(KeyNum == 1)
  29   2                              Flag = !Flag;
  30   2                      if(KeyNum == 2)
  31   2                      {
  32   3                              Min = 0;
  33   3                              Sec = 0;
  34   3                              TenMsec = 0;
  35   3                      }
  36   2                      if(KeyNum == 3)
  37   2                      {
  38   3                              AT24C02_WriteByte(1, TenMsec);
  39   3                              AT24C02_WriteByte(2, Sec);
  40   3                              AT24C02_WriteByte(3, Min);
  41   3                      }
  42   2                      if(KeyNum == 4)
  43   2                      {
  44   3                              TenMsec = AT24C02_ReadByte(1);
  45   3                              Sec = AT24C02_ReadByte(2);
  46   3                              Min = AT24C02_ReadByte(3);
  47   3                      }
  48   2                      Ntube(1, Min / 10);
  49   2                      Ntube(2, Min % 10);
  50   2                      Ntube(3, 10);
  51   2                      Ntube(4, Sec / 10);
  52   2                      Ntube(5, Sec % 10);
  53   2                      Ntube(6, 10);
  54   2                      Ntube(7, TenMsec / 10);
C51 COMPILER V9.60.7.0   MAIN                                                              08/09/2023 12:06:51 PAGE 2   

  55   2                      Ntube(8, TenMsec % 10);
  56   2              }
  57   1      }
  58          
  59          void Sec_Inter()
  60          {
  61   1              if(Flag)
  62   1              {
  63   2                      TenMsec ++;
  64   2                      if(TenMsec == 100)
  65   2                      {
  66   3                              TenMsec = 0;
  67   3                              Sec ++;
  68   3                              if(Sec == 60)
  69   3                              {
  70   4                                      Sec = 0;
  71   4                                      Min ++;
  72   4                                      if(Min == 100)
  73   4                                              Min = 0;
  74   4                              }
  75   3                      }
  76   2              }
  77   1      }
  78          
  79          void Timer0_Routine()   interrupt 1
  80          {
  81   1              static unsigned char count1 = 0, count2 = 0, count3 = 0;
  82   1              count1 ++;
  83   1              count2 ++;
  84   1              count3 ++;
  85   1              TL0 = 0x66;
  86   1              TH0 = 0xFC;
  87   1              if(count1 >= 2)
  88   1              {
  89   2                      count1 = 0;
  90   2                      Ntube_Inter();
  91   2              }
  92   1              if(count2 >= 20)
  93   1              {
  94   2                      count2 = 0;
  95   2                      Key_Inter();
  96   2              }
  97   1              if(count3 >= 10)
  98   1              {
  99   2                      count3 = 0;
 100   2                      Sec_Inter();
 101   2              }
 102   1      }


MODULE INFORMATION:   STATIC OVERLAYABLE
   CODE SIZE        =    373    ----
   CONSTANT SIZE    =   ----    ----
   XDATA SIZE       =   ----    ----
   PDATA SIZE       =   ----    ----
   DATA SIZE        =      8    ----
   IDATA SIZE       =   ----    ----
   BIT SIZE         =   ----    ----
END OF MODULE INFORMATION.


C51 COMPILATION COMPLETE.  0 WARNING(S),  0 ERROR(S)
