C51 COMPILER V9.60.7.0   NTUBE                                                             08/08/2023 19:01:08 PAGE 1   


C51 COMPILER V9.60.7.0, COMPILATION OF MODULE NTUBE
OBJECT MODULE PLACED IN .\Objects\Ntube.obj
COMPILER INVOKED BY: D:\Keil_v5\C51\BIN\C51.EXE Ntube.c OPTIMIZE(8,SPEED) BROWSE DEBUG OBJECTEXTEND PRINT(.\Listings\Ntu
                    -be.lst) OBJECT(.\Objects\Ntube.obj)

line level    source

   1          #include <STC89C5xRC.H>
   2          
   3          unsigned char Ntube_Buf[9] = {0, 11, 11 ,11, 11, 11, 11, 11, 11};
   4          
   5          unsigned char code num[] = {0x3F, 0x06, 0x5B, 0x4F, 0x66, 0x6D, 0x7D, 0x07, 0x7F, 0x6F, 0x40, 0x00};
   6          
   7          void Ntube(unsigned char location, number)
   8          {
   9   1              Ntube_Buf[location] = number;
  10   1      }
  11          
  12          void Ntube_Show(unsigned char location, number)
  13          {
  14   1              P0 = 0x00;
  15   1              switch (location)
  16   1              {
  17   2                      case 8 : P24 = 0; P23 = 0; P22 = 0; break;
  18   2                      case 7 : P24 = 0; P23 = 0; P22 = 1; break;
  19   2                      case 6 : P24 = 0; P23 = 1; P22 = 0; break;
  20   2                      case 5 : P24 = 0; P23 = 1; P22 = 1; break;
  21   2                      case 4 : P24 = 1; P23 = 0; P22 = 0; break;
  22   2                      case 3 : P24 = 1; P23 = 0; P22 = 1; break;
  23   2                      case 2 : P24 = 1; P23 = 1; P22 = 0; break;
  24   2                      case 1 : P24 = 1; P23 = 1; P22 = 1; break;
  25   2              }
  26   1              P0 = num[number];
  27   1      }
  28          
  29          void Ntube_Inter()
  30          {
  31   1              static unsigned char i = 1;
  32   1              Ntube_Show(i, Ntube_Buf[i]);
  33   1              i++;
  34   1              if(i >= 9)
  35   1                      i = 1;
  36   1      }


MODULE INFORMATION:   STATIC OVERLAYABLE
   CODE SIZE        =    145    ----
   CONSTANT SIZE    =     12    ----
   XDATA SIZE       =   ----    ----
   PDATA SIZE       =   ----    ----
   DATA SIZE        =     10    ----
   IDATA SIZE       =   ----    ----
   BIT SIZE         =   ----    ----
END OF MODULE INFORMATION.


C51 COMPILATION COMPLETE.  0 WARNING(S),  0 ERROR(S)
