C51 COMPILER V9.60.7.0   MAIN                                                              07/20/2023 19:42:12 PAGE 1   


C51 COMPILER V9.60.7.0, COMPILATION OF MODULE MAIN
OBJECT MODULE PLACED IN .\Objects\main.obj
COMPILER INVOKED BY: D:\Keil 5\C51\BIN\C51.EXE main.c OPTIMIZE(8,SPEED) BROWSE DEBUG OBJECTEXTEND PRINT(.\Listings\main.
                    -lst) OBJECT(.\Objects\main.obj)

line level    source

   1          #include <REGX52.H>
   2          #include "pu.h"
   3          
   4          void main()
   5          {
   6   1              unsigned char x=6, y=6, z=6;
   7   1              unsigned char sign=0;
   8   1              while(1)
   9   1              {
  10   2                      if(P3_3==0)
  11   2                      {
  12   3                              delay(15);
  13   3                              while(P3_3==0);
  14   3                              delay(15);
  15   3                              if(z==9)
  16   3                              {
  17   4                                      z=0;
  18   4                                      if(y==9)
  19   4                                      {
  20   5                                              y=0;
  21   5                                              x++;
  22   5                                      }
  23   4                                      else
  24   4                                              y++;
  25   4                              }
  26   3                              else
  27   3                                      z++;
  28   3                      }
  29   2                      if(P3_1==0)
  30   2                      {
  31   3                              delay(15);
  32   3                              while(P3_1==0);
  33   3                              delay(15);
  34   3                              if(z==0)
  35   3                              {
  36   4                                      z=9;
  37   4                                      if(y==0)
  38   4                                      {
  39   5                                              y=9;
  40   5                                              x--;
  41   5                                      }
  42   4                                      else
  43   4                                              y--;
  44   4                              }
  45   3                              else
  46   3                                      z--;
  47   3                      }
  48   2                      if(P3_2==0)
  49   2                      {
  50   3                              delay(15);
  51   3                              while(P3_2==0);
  52   3                              delay(15);
  53   3                              sign=0;
  54   3                              while(1)
C51 COMPILER V9.60.7.0   MAIN                                                              07/20/2023 19:42:12 PAGE 2   

  55   3                              {
  56   4                                      unsigned char i=50;
  57   4                                      while(i--)
  58   4                                      {
  59   5                                              show(x, y, z);
  60   5                                              if(P3_0==0)
  61   5                                              {
  62   6                                                      delay(15);
  63   6                                                      while(P3_0==0);
  64   6                                                      sign=1;
  65   6                                                      break;
  66   6                                              }
  67   5                                      }
  68   4                                      if(z==0)
  69   4                                      {
  70   5                                              z=9;
  71   5                                              if(y==0)
  72   5                                              {
  73   6                                                      y=9;
  74   6                                                      x--;
  75   6                                              }
  76   5                                              else
  77   5                                                      y--;
  78   5                                      }
  79   4                                      else
  80   4                                              z--;
  81   4                                      if(sign==1)
  82   4                                              break;
  83   4                              }
  84   3                      }
  85   2                      show(x, y, z);
  86   2              }
  87   1      }


MODULE INFORMATION:   STATIC OVERLAYABLE
   CODE SIZE        =    199    ----
   CONSTANT SIZE    =   ----    ----
   XDATA SIZE       =   ----    ----
   PDATA SIZE       =   ----    ----
   DATA SIZE        =   ----       5
   IDATA SIZE       =   ----    ----
   BIT SIZE         =   ----    ----
END OF MODULE INFORMATION.


C51 COMPILATION COMPLETE.  0 WARNING(S),  0 ERROR(S)
