C51 COMPILER V9.60.7.0   SHOW                                                              07/21/2023 10:50:22 PAGE 1   


C51 COMPILER V9.60.7.0, COMPILATION OF MODULE SHOW
OBJECT MODULE PLACED IN .\Objects\show.obj
COMPILER INVOKED BY: D:\Keil 5\C51\BIN\C51.EXE show.c OPTIMIZE(8,SPEED) BROWSE DEBUG OBJECTEXTEND PRINT(.\Listings\show.
                    -lst) OBJECT(.\Objects\show.obj)

line level    source

   1          #include "pu.h"
   2          
   3          void show(unsigned char x, y, z)
   4          {
   5   1              nixie(7,x);
   6   1              nixie(6,y);
   7   1              nixie(5,z);
   8   1      }


MODULE INFORMATION:   STATIC OVERLAYABLE
   CODE SIZE        =     35    ----
   CONSTANT SIZE    =   ----    ----
   XDATA SIZE       =   ----    ----
   PDATA SIZE       =   ----    ----
   DATA SIZE        =   ----       4
   IDATA SIZE       =   ----    ----
   BIT SIZE         =   ----    ----
END OF MODULE INFORMATION.


C51 COMPILATION COMPLETE.  0 WARNING(S),  0 ERROR(S)
