C51 COMPILER V9.60.7.0   MAIN                                                              07/22/2023 20:45:54 PAGE 1   


C51 COMPILER V9.60.7.0, COMPILATION OF MODULE MAIN
OBJECT MODULE PLACED IN .\Objects\main.obj
COMPILER INVOKED BY: D:\Keil 5\C51\BIN\C51.EXE main.c OPTIMIZE(8,SPEED) BROWSE DEBUG OBJECTEXTEND PRINT(.\Listings\main.
                    -lst) OBJECT(.\Objects\main.obj)

line level    source

   1          #include <REGX52.H>
   2          #include "lcd1602.h"
   3          #include "public.h"
   4          #include "puyuxin.h"
   5          
   6          void main()
   7          {
   8   1              u8 string[11], words[]={"Birthday!"};
   9   1              u8 i=0, j=0, sign=0;
  10   1              lcd1602_init();
  11   1              for(i=0;i<9;i++)
  12   1              {
  13   2                      while(!(j==0))
  14   2                      {
  15   3                              j=i;
  16   3                              string[j]=words[8-sign];
  17   3                              j--;
  18   3                              sign++;
  19   3                      }
  20   2                      lcd1602_show_string(0, 0, string);
  21   2                      delay(50);
  22   2              }
  23   1              while(1);
  24   1      }


MODULE INFORMATION:   STATIC OVERLAYABLE
   CODE SIZE        =     95    ----
   CONSTANT SIZE    =     10    ----
   XDATA SIZE       =   ----    ----
   PDATA SIZE       =   ----    ----
   DATA SIZE        =   ----      24
   IDATA SIZE       =   ----    ----
   BIT SIZE         =   ----    ----
END OF MODULE INFORMATION.


C51 COMPILATION COMPLETE.  0 WARNING(S),  0 ERROR(S)
