C51 COMPILER V9.60.7.0   MAIN                                                              08/03/2023 16:05:33 PAGE 1   


C51 COMPILER V9.60.7.0, COMPILATION OF MODULE MAIN
OBJECT MODULE PLACED IN .\Objects\main.obj
COMPILER INVOKED BY: D:\Keil_v5\C51\BIN\C51.EXE main.c OPTIMIZE(8,SPEED) BROWSE DEBUG OBJECTEXTEND PRINT(.\Listings\main
                    -.lst) OBJECT(.\Objects\main.obj)

line level    source

   1          #include <STC89C5xRC.H>
   2          #include "time.h"
   3          
   4          unsigned char sec=3, min=6, hou=16;
   5          
   6          void Timer0_Init()
   7          {
   8   1              TMOD&=0xF0;
   9   1              TMOD|=0x01;
  10   1              TF0=0;
  11   1              TR0=1;
  12   1              TL0=0x00;
  13   1              TH0=0xDC;
  14   1              EA=1;
  15   1              ET0=1;
  16   1      }
  17          
  18          void main()
  19          {
  20   1              Timer0_Init();
  21   1              while(1)
  22   1              {
  23   2                      Ntube(1, sec%10, 0);
  24   2                      Ntube(2, sec/10, 0);
  25   2                      Ntube(3, min%10, 1);
  26   2                      Ntube(4, min/10, 0);
  27   2                      Ntube(5, hou%10, 1);
  28   2                      Ntube(6, hou/10, 0);
  29   2              }
  30   1      }
  31          
  32          void Timer0_Routine()   interrupt 1
  33          {
  34   1              static unsigned int i=0;
  35   1              i++;
  36   1              
  37   1              TL0=0x00;
  38   1              TH0=0xDC;
  39   1              
  40   1              if(i==100)
  41   1              {
  42   2                      i=0;
  43   2                      sec++;
  44   2                      if(sec==60)
  45   2                      {
  46   3                              sec=0;
  47   3                              min++;
  48   3                              if(min==60)
  49   3                              {
  50   4                                      min=0;
  51   4                                      hou++;
  52   4                                      if(hou==24)
  53   4                                              hou=0;
  54   4                              }
C51 COMPILER V9.60.7.0   MAIN                                                              08/03/2023 16:05:33 PAGE 2   

  55   3                      }
  56   2              }
  57   1      }


MODULE INFORMATION:   STATIC OVERLAYABLE
   CODE SIZE        =    201    ----
   CONSTANT SIZE    =   ----    ----
   XDATA SIZE       =   ----    ----
   PDATA SIZE       =   ----    ----
   DATA SIZE        =      5    ----
   IDATA SIZE       =   ----    ----
   BIT SIZE         =   ----    ----
END OF MODULE INFORMATION.


C51 COMPILATION COMPLETE.  0 WARNING(S),  0 ERROR(S)
