C51 COMPILER V9.60.7.0   MAIN                                                              07/14/2023 18:52:18 PAGE 1   


C51 COMPILER V9.60.7.0, COMPILATION OF MODULE MAIN
OBJECT MODULE PLACED IN .\Objects\main.obj
COMPILER INVOKED BY: D:\Keil 5\C51\BIN\C51.EXE main.c OPTIMIZE(8,SPEED) BROWSE DEBUG OBJECTEXTEND PRINT(.\Listings\main.
                    -lst) OBJECT(.\Objects\main.obj)

line level    source

   1          #include <REGX52.H>
   2          #include <INTRINS.H>
   3          #define uchar unsigned char  
   4          
   5          void Delay(uchar time)
   6          {
   7   1              uchar data i, j;
   8   1              while(time--)
   9   1              {
  10   2                      _nop_();
  11   2                      _nop_();
  12   2                      _nop_();
  13   2                      i = 11;
  14   2                      j = 190;
  15   2                      do
  16   2                      {
  17   3                              while (--j);
  18   3                      } while (--i);
  19   2              }
  20   1      }
  21          
  22          void main()
  23          {
  24   1              uchar i=0;
  25   1              P2=~0x80;
  26   1              while(1)
  27   1              {
  28   2                      for(i=0;i<8;i++)
  29   2                      {
  30   3                              P2=~(0x80>>i);
  31   3                              Delay(200);
  32   3                      }
  33   2                      P2=~0x80;
  34   2              }
  35   1      }


MODULE INFORMATION:   STATIC OVERLAYABLE
   CODE SIZE        =     53    ----
   CONSTANT SIZE    =   ----    ----
   XDATA SIZE       =   ----    ----
   PDATA SIZE       =   ----    ----
   DATA SIZE        =   ----    ----
   IDATA SIZE       =   ----    ----
   BIT SIZE         =   ----    ----
END OF MODULE INFORMATION.


C51 COMPILATION COMPLETE.  0 WARNING(S),  0 ERROR(S)
