C51 COMPILER V9.60.7.0   BUS                                                               08/09/2023 22:39:59 PAGE 1   


C51 COMPILER V9.60.7.0, COMPILATION OF MODULE BUS
OBJECT MODULE PLACED IN .\Objects\BUS.obj
COMPILER INVOKED BY: D:\Keil_v5\C51\BIN\C51.EXE BUS.c OPTIMIZE(8,SPEED) BROWSE DEBUG OBJECTEXTEND PRINT(.\Listings\BUS.l
                    -st) OBJECT(.\Objects\BUS.obj)

line level    source

   1          #include <STC89C5xRC.H>
   2          #include "INTRINS.H"
   3          
   4          sbit DO = P3^7;
   5          
   6          void BUS_Init()
   7          {
   8   1              unsigned char i;
   9   1              DO = 1;
  10   1              DO = 0;
  11   1              i = 230; while (--i);   //500us
  12   1              DO = 1;
  13   1              i = 191; while (--i);   //150us
  14   1      }
  15          
  16          void BUS_SendBit(unsigned char Ack)
  17          {
  18   1              unsigned char i;
  19   1              DO = 0;
  20   1              i = 4; while (--i);             //10us
  21   1              DO = Ack;
  22   1              i = 22; while (--i);    //50us
  23   1              DO = 1;
  24   1      }
  25          
  26          bit BUS_ReadBit()
  27          {
  28   1              unsigned char i;
  29   1              bit Ack;
  30   1              DO = 0;
  31   1              i = 2; while (--i);             //5us
  32   1              DO = 1;
  33   1              i = 2; while (--i);             //5us
  34   1              Ack = DO;
  35   1              i = 22; while (--i);    //50us
  36   1              return Ack;
  37   1      }
  38          
  39          void BUS_SendByte(unsigned char Data)
  40          {
  41   1              unsigned char i;
  42   1              for(i = 0; i < 8; i ++)
  43   1              {
  44   2                      BUS_SendBit(Data & (0x01 << i));
  45   2              }
  46   1      }
  47          
  48          unsigned char BUS_ReadByte()
  49          {
  50   1              unsigned char i, Data = 0x00;
  51   1              for(i = 0; i < 8; i ++)
  52   1              {
  53   2                      if(BUS_ReadBit())
  54   2                              Data |= (0x01 << i);
C51 COMPILER V9.60.7.0   BUS                                                               08/09/2023 22:39:59 PAGE 2   

  55   2              }
  56   1              return Data;
  57   1      }


MODULE INFORMATION:   STATIC OVERLAYABLE
   CODE SIZE        =    109    ----
   CONSTANT SIZE    =   ----    ----
   XDATA SIZE       =   ----    ----
   PDATA SIZE       =   ----    ----
   DATA SIZE        =   ----    ----
   IDATA SIZE       =   ----    ----
   BIT SIZE         =   ----       1
END OF MODULE INFORMATION.


C51 COMPILATION COMPLETE.  0 WARNING(S),  0 ERROR(S)
