C51 COMPILER V9.60.7.0   DS18B20                                                           08/09/2023 22:42:37 PAGE 1   


C51 COMPILER V9.60.7.0, COMPILATION OF MODULE DS18B20
OBJECT MODULE PLACED IN .\Objects\DS18B20.obj
COMPILER INVOKED BY: D:\Keil_v5\C51\BIN\C51.EXE DS18B20.c OPTIMIZE(8,SPEED) BROWSE DEBUG OBJECTEXTEND PRINT(.\Listings\D
                    -S18B20.lst) OBJECT(.\Objects\DS18B20.obj)

line level    source

   1          #include "BUS.h"
   2          #include "Delay.h"
   3          
   4          void DS18B02_Init()
   5          {
   6   1              BUS_Init();
   7   1              BUS_SendByte(0xCC);
   8   1              BUS_SendByte(0x44);
   9   1              Delay(100);
  10   1      }
  11          
  12          float DS18B02_ReadTem()
  13          {
  14   1              unsigned char LSB, MSB;
  15   1              int Temp;
  16   1              float T;
  17   1              BUS_Init();
  18   1              BUS_SendByte(0xCC);
  19   1              BUS_SendByte(0xBE);
  20   1              LSB = BUS_ReadByte();
  21   1              MSB = BUS_ReadByte();
  22   1              Temp = (MSB << 8) | LSB;
  23   1              T = Temp / 16.0;
  24   1              return T;
  25   1      }


MODULE INFORMATION:   STATIC OVERLAYABLE
   CODE SIZE        =     63    ----
   CONSTANT SIZE    =   ----    ----
   XDATA SIZE       =   ----    ----
   PDATA SIZE       =   ----    ----
   DATA SIZE        =   ----       1
   IDATA SIZE       =   ----    ----
   BIT SIZE         =   ----    ----
END OF MODULE INFORMATION.


C51 COMPILATION COMPLETE.  0 WARNING(S),  0 ERROR(S)
