C51 COMPILER V9.60.7.0   MAIN                                                              08/10/2023 11:21:57 PAGE 1   


C51 COMPILER V9.60.7.0, COMPILATION OF MODULE MAIN
OBJECT MODULE PLACED IN .\Objects\main.obj
COMPILER INVOKED BY: D:\Keil_v5\C51\BIN\C51.EXE main.c OPTIMIZE(8,SPEED) BROWSE DEBUG OBJECTEXTEND PRINT(.\Listings\main
                    -.lst) OBJECT(.\Objects\main.obj)

line level    source

   1          #include <STC89C5xRC.H>
   2          #include "DS18B20.h"
   3          #include "LCD1602.h"
   4          
   5          float T;
   6          
   7          void main()
   8          {
   9   1              DS18B02_Init();
  10   1              LCD_Init();
  11   1              LCD_ShowChar(1, 5, '.');
  12   1              while(1)
  13   1              {
  14   2                      DS18B02_Init();
  15   2                      T = DS18B02_ReadTem();
  16   2                      if(T < 0)
  17   2                      {
  18   3                              LCD_ShowChar(1, 1, '-');
  19   3                              T = -T;
  20   3                      }
  21   2                      LCD_ShowNum(1, 2, T, 3);
  22   2                      LCD_ShowNum(1, 6, (unsigned long)(T * 10000) % 10000, 4);
  23   2              }
  24   1      }


MODULE INFORMATION:   STATIC OVERLAYABLE
   CODE SIZE        =    145    ----
   CONSTANT SIZE    =   ----    ----
   XDATA SIZE       =   ----    ----
   PDATA SIZE       =   ----    ----
   DATA SIZE        =      4    ----
   IDATA SIZE       =   ----    ----
   BIT SIZE         =   ----    ----
END OF MODULE INFORMATION.


C51 COMPILATION COMPLETE.  0 WARNING(S),  0 ERROR(S)
