C51 COMPILER V9.60.7.0   DELAY                                                             07/27/2023 20:11:14 PAGE 1   


C51 COMPILER V9.60.7.0, COMPILATION OF MODULE DELAY
OBJECT MODULE PLACED IN .\Objects\delay.obj
COMPILER INVOKED BY: D:\Keil 5\C51\BIN\C51.EXE delay.c OPTIMIZE(8,SPEED) BROWSE DEBUG OBJECTEXTEND PRINT(.\Listings\dela
                    -y.lst) OBJECT(.\Objects\delay.obj)

line level    source

   1          void delay()
   2          {
   3   1              unsigned char data i, j;
   4   1      
   5   1              i = 216;
   6   1              j = 37;
   7   1              do
   8   1              {
   9   2                      while (--j);
  10   2              } while (--i);
  11   1      }


MODULE INFORMATION:   STATIC OVERLAYABLE
   CODE SIZE        =      9    ----
   CONSTANT SIZE    =   ----    ----
   XDATA SIZE       =   ----    ----
   PDATA SIZE       =   ----    ----
   DATA SIZE        =   ----    ----
   IDATA SIZE       =   ----    ----
   BIT SIZE         =   ----    ----
END OF MODULE INFORMATION.


C51 COMPILATION COMPLETE.  0 WARNING(S),  0 ERROR(S)
