C51 COMPILER V9.60.7.0   AT24C02                                                           10/11/2024 09:33:53 PAGE 1   


C51 COMPILER V9.60.7.0, COMPILATION OF MODULE AT24C02
OBJECT MODULE PLACED IN .\Objects\AT24C02.obj
COMPILER INVOKED BY: D:\Keil\MDK_C51\C51\BIN\C51.EXE AT24C02.c OPTIMIZE(8,SPEED) BROWSE DEBUG OBJECTEXTEND PRINT(.\Listi
                    -ngs\AT24C02.lst) OBJECT(.\Objects\AT24C02.obj)

line level    source

   1          #include "IIC.h"
   2          #include "Delay.h"
   3          
   4          void AT24C02_WriteByte(unsigned char Address, Data)
   5          {
   6   1              I2C_Start();
   7   1              I2C_SendByte(0xA0);
   8   1              I2C_ReceiveAck();
   9   1              I2C_SendByte(Address);
  10   1              I2C_ReceiveAck();
  11   1              I2C_SendByte(Data);
  12   1              I2C_ReceiveAck();
  13   1              I2C_Stop();
  14   1              Delay(5);
  15   1      }
  16          
  17          unsigned char AT24C02_ReadByte(unsigned char Address)
  18          {
  19   1              unsigned char Data = 0x00;
  20   1              I2C_Start();
  21   1              I2C_SendByte(0xA0);
  22   1              I2C_ReceiveAck();
  23   1              I2C_SendByte(Address);
  24   1              I2C_ReceiveAck();
  25   1              I2C_Start();
  26   1              I2C_SendByte(0xA1);
  27   1              I2C_ReceiveAck();
  28   1              Data = I2C_ReceiveByte();
  29   1              I2C_SendAck(1);
  30   1              I2C_Stop();
  31   1              return Data;
  32   1      }


MODULE INFORMATION:   STATIC OVERLAYABLE
   CODE SIZE        =     94    ----
   CONSTANT SIZE    =   ----    ----
   XDATA SIZE       =   ----    ----
   PDATA SIZE       =   ----    ----
   DATA SIZE        =   ----       5
   IDATA SIZE       =   ----    ----
   BIT SIZE         =   ----    ----
END OF MODULE INFORMATION.


C51 COMPILATION COMPLETE.  0 WARNING(S),  0 ERROR(S)
