C51 COMPILER V9.60.7.0   BUS                                                               10/11/2024 09:33:54 PAGE 1   


C51 COMPILER V9.60.7.0, COMPILATION OF MODULE BUS
OBJECT MODULE PLACED IN .\Objects\BUS.obj
COMPILER INVOKED BY: D:\Keil\MDK_C51\C51\BIN\C51.EXE BUS.c OPTIMIZE(8,SPEED) BROWSE DEBUG OBJECTEXTEND PRINT(.\Listings\
                    -BUS.lst) OBJECT(.\Objects\BUS.obj)

line level    source

   1          #include <STC89C5xRC.H>
   2          
   3          sbit DQ = P3^7;
   4          
   5          void BUS_Init()
   6          {
   7   1              unsigned char i;
   8   1              EA = 0;
   9   1              DQ = 1;
  10   1              DQ = 0;
  11   1              i = 230; while (--i);   //500US
  12   1              DQ = 1;
  13   1              i = 191; while (--i);   //370us
  14   1              EA = 1;
  15   1      }
  16          
  17          void BUS_SendBit(bit Bit)
  18          {
  19   1              unsigned char i;
  20   1              EA = 0;
  21   1              DQ = 0;
  22   1              i = 4; while (--i);             //10us
  23   1              DQ = Bit;
  24   1              i = 22; while (--i);    //50us
  25   1              DQ = 1;
  26   1              EA = 1;
  27   1      }
  28          
  29          bit BUS_ReceiveBit()
  30          {
  31   1              unsigned char i;
  32   1              bit Bit;
  33   1              EA = 0;
  34   1              DQ = 0;
  35   1              i = 2; while (--i);             //5us
  36   1              DQ = 1;
  37   1              i = 2; while (--i);             //5us
  38   1              Bit = DQ;
  39   1              i = 22; while (--i);    //50us
  40   1              EA = 1;
  41   1              return Bit;
  42   1      }
  43          
  44          void BUS_SendByte(unsigned char Data)
  45          {
  46   1              unsigned char i;
  47   1              for(i = 0; i < 8; i ++)
  48   1              {
  49   2                      BUS_SendBit(Data & (0x01 << i));
  50   2              }
  51   1      }
  52          
  53          unsigned char BUS_ReceiveByte()
  54          {
C51 COMPILER V9.60.7.0   BUS                                                               10/11/2024 09:33:54 PAGE 2   

  55   1              unsigned char i;
  56   1              unsigned char Data = 0x00;
  57   1              for(i = 0; i < 8; i ++)
  58   1              {
  59   2                      if(BUS_ReceiveBit())
  60   2                              Data |= (0x01 << i);
  61   2              }
  62   1              return Data;
  63   1      }


MODULE INFORMATION:   STATIC OVERLAYABLE
   CODE SIZE        =    134    ----
   CONSTANT SIZE    =   ----    ----
   XDATA SIZE       =   ----    ----
   PDATA SIZE       =   ----    ----
   DATA SIZE        =   ----    ----
   IDATA SIZE       =   ----    ----
   BIT SIZE         =   ----       2
END OF MODULE INFORMATION.


C51 COMPILATION COMPLETE.  0 WARNING(S),  0 ERROR(S)
