C51 COMPILER V9.60.7.0   DS18B20                                                           10/11/2024 09:33:54 PAGE 1   


C51 COMPILER V9.60.7.0, COMPILATION OF MODULE DS18B20
OBJECT MODULE PLACED IN .\Objects\DS18B20.obj
COMPILER INVOKED BY: D:\Keil\MDK_C51\C51\BIN\C51.EXE DS18B20.c OPTIMIZE(8,SPEED) BROWSE DEBUG OBJECTEXTEND PRINT(.\Listi
                    -ngs\DS18B20.lst) OBJECT(.\Objects\DS18B20.obj)

line level    source

   1          #include "BUS.h"
   2          #include "Delay.h"
   3          
   4          #define SKIP_ROM                        0xCC
   5          #define CONVERT_T                       0x44
   6          #define READ_SCRATCHPAD         0xBE
   7          
   8          void DS18B20_Convert_T()
   9          {
  10   1              BUS_Init();
  11   1              BUS_SendByte(SKIP_ROM);
  12   1              BUS_SendByte(CONVERT_T);
  13   1              Delay(400);
  14   1      }
  15          
  16          float DS18B20_Read_Scratchpad()
  17          {
  18   1              float T;
  19   1              int Temp;
  20   1              unsigned char LSB, MSB;
  21   1              BUS_Init();
  22   1              BUS_SendByte(SKIP_ROM);
  23   1              BUS_SendByte(READ_SCRATCHPAD);
  24   1              LSB = BUS_ReceiveByte();
  25   1              MSB = BUS_ReceiveByte();
  26   1              Temp = (MSB << 8) | LSB;
  27   1              T = Temp / 16.0;
  28   1              return T;
  29   1      }


MODULE INFORMATION:   STATIC OVERLAYABLE
   CODE SIZE        =     63    ----
   CONSTANT SIZE    =   ----    ----
   XDATA SIZE       =   ----    ----
   PDATA SIZE       =   ----    ----
   DATA SIZE        =   ----       1
   IDATA SIZE       =   ----    ----
   BIT SIZE         =   ----    ----
END OF MODULE INFORMATION.


C51 COMPILATION COMPLETE.  0 WARNING(S),  0 ERROR(S)
