C51 COMPILER V9.60.7.0   IIC                                                               10/11/2024 09:33:53 PAGE 1   


C51 COMPILER V9.60.7.0, COMPILATION OF MODULE IIC
OBJECT MODULE PLACED IN .\Objects\IIC.obj
COMPILER INVOKED BY: D:\Keil\MDK_C51\C51\BIN\C51.EXE IIC.c OPTIMIZE(8,SPEED) BROWSE DEBUG OBJECTEXTEND PRINT(.\Listings\
                    -IIC.lst) OBJECT(.\Objects\IIC.obj)

line level    source

   1          #include <STC89C5xRC.H>
   2          
   3          sbit SDA = P2^0;
   4          sbit SCL = P2^1;
   5          
   6          void I2C_Start()
   7          {
   8   1              SCL = 1;
   9   1              SDA = 1;
  10   1              SDA = 0;
  11   1              SCL = 0;
  12   1      }
  13          
  14          void I2C_Stop()
  15          {
  16   1              SDA = 0;
  17   1              SCL = 1;
  18   1              SDA = 1;
  19   1      }
  20          
  21          void I2C_SendAck(bit Ack)
  22          {
  23   1              SDA = Ack;
  24   1              SCL = 1;
  25   1              SCL = 0;
  26   1      }
  27          
  28          void I2C_ReceiveAck()
  29          {
  30   1              SDA = 1;
  31   1              SCL = 1;
  32   1              SCL = 0;
  33   1      }
  34          
  35          void I2C_SendByte(unsigned char Data)
  36          {
  37   1              unsigned char i;
  38   1              for(i = 0; i < 8; i ++)
  39   1              {
  40   2                      SDA = Data & (0x80 >> i);
  41   2                      SCL = 1;
  42   2                      SCL = 0;
  43   2              }
  44   1      }
  45          
  46          unsigned char I2C_ReceiveByte()
  47          {
  48   1              unsigned char i, Data = 0x00;
  49   1              SDA = 1;
  50   1              for(i = 0; i < 8; i++)
  51   1              {
  52   2                      SCL = 1;
  53   2                      if(SDA)
  54   2                              Data |= (0x80 >> i);
C51 COMPILER V9.60.7.0   IIC                                                               10/11/2024 09:33:53 PAGE 2   

  55   2                      SCL = 0;
  56   2              }
  57   1              return Data;
  58   1      }


MODULE INFORMATION:   STATIC OVERLAYABLE
   CODE SIZE        =    103    ----
   CONSTANT SIZE    =   ----    ----
   XDATA SIZE       =   ----    ----
   PDATA SIZE       =   ----    ----
   DATA SIZE        =   ----    ----
   IDATA SIZE       =   ----    ----
   BIT SIZE         =   ----       1
END OF MODULE INFORMATION.


C51 COMPILATION COMPLETE.  0 WARNING(S),  0 ERROR(S)
