C51 COMPILER V9.60.7.0   KEY                                                               10/11/2024 09:33:54 PAGE 1   


C51 COMPILER V9.60.7.0, COMPILATION OF MODULE KEY
OBJECT MODULE PLACED IN .\Objects\Key.obj
COMPILER INVOKED BY: D:\Keil\MDK_C51\C51\BIN\C51.EXE Key.c OPTIMIZE(8,SPEED) BROWSE DEBUG OBJECTEXTEND PRINT(.\Listings\
                    -Key.lst) OBJECT(.\Objects\Key.obj)

line level    source

   1          #include <STC89C5xRC.H>
   2          
   3          unsigned KeyNum;
   4          
   5          unsigned char Key()
   6          {
   7   1              unsigned char Temp;
   8   1              Temp = KeyNum;
   9   1              KeyNum = 0;
  10   1              return Temp;
  11   1      }
  12          
  13          unsigned char Key_State()
  14          {
  15   1              unsigned char Sign = 0;
  16   1              if(P31 == 0)
  17   1                      Sign = 1;
  18   1              if(P30 == 0)
  19   1                      Sign = 2;
  20   1              if(P32 == 0)
  21   1                      Sign = 3;
  22   1              if(P33 == 0)
  23   1                      Sign = 4;
  24   1              return Sign;
  25   1      }
  26          
  27          void Key_Loop()
  28          {
  29   1              static unsigned char LastState, NowState;
  30   1              LastState = NowState;
  31   1              NowState = Key_State();
  32   1              if(LastState == 1 && NowState == 0)
  33   1                      KeyNum = 1;
  34   1              if(LastState == 2 && NowState == 0)
  35   1                      KeyNum = 2;
  36   1              if(LastState == 3 && NowState == 0)
  37   1                      KeyNum = 3;
  38   1              if(LastState == 4 && NowState == 0)
  39   1                      KeyNum = 4;
  40   1      }


MODULE INFORMATION:   STATIC OVERLAYABLE
   CODE SIZE        =     95    ----
   CONSTANT SIZE    =   ----    ----
   XDATA SIZE       =   ----    ----
   PDATA SIZE       =   ----    ----
   DATA SIZE        =      4    ----
   IDATA SIZE       =   ----    ----
   BIT SIZE         =   ----    ----
END OF MODULE INFORMATION.


C51 COMPILATION COMPLETE.  0 WARNING(S),  0 ERROR(S)
