C51 COMPILER V9.60.7.0   MAIN                                                              10/11/2024 09:33:53 PAGE 1   


C51 COMPILER V9.60.7.0, COMPILATION OF MODULE MAIN
OBJECT MODULE PLACED IN .\Objects\main.obj
COMPILER INVOKED BY: D:\Keil\MDK_C51\C51\BIN\C51.EXE main.c OPTIMIZE(8,SPEED) BROWSE DEBUG OBJECTEXTEND PRINT(.\Listings
                    -\main.lst) OBJECT(.\Objects\main.obj)

line level    source

   1          #include <STC89C5xRC.H>
   2          #include "AT24C02.h"
   3          #include "DS18B20.h"
   4          #include "LCD1602.h"
   5          #include "Timer0.h"
   6          #include "Key.h"
   7          
   8          float T, Temp;
   9          unsigned char KeyNumber;
  10          char TH, TL;
  11          
  12          void main()
  13          {
  14   1              LCD_Init();
  15   1              Timer0_Init();
  16   1              LCD_ShowChar(1, 7, '.');
  17   1              LCD_ShowChar(1, 10, 0xDF);
  18   1              LCD_ShowChar(1, 11, 'C');
  19   1              LCD_ShowString(1, 1, "T:");
  20   1              LCD_ShowString(2, 1, "TH:");
  21   1              LCD_ShowString(2, 9, "TL:");
  22   1              TH = AT24C02_ReadByte(10);
  23   1              TL = AT24C02_ReadByte(11);
  24   1              if(TH >= 120 || TH < TL)
  25   1                      TH = 50;
  26   1              if(TL <= -55 || TL > TH)
  27   1                      TL = 0;
  28   1              while(1)
  29   1              {
  30   2                      //温度显示模块
  31   2                      LCD_ShowSignedNum(2, 4, TH, 3);
  32   2                      LCD_ShowSignedNum(2, 12, TL, 2);
  33   2                      DS18B20_Convert_T();
  34   2                      T = DS18B20_Read_Scratchpad();
  35   2                      if(T < 0)
  36   2                      {
  37   3                              LCD_ShowChar(1, 3, '-');
  38   3                              Temp = -T;
  39   3                      }
  40   2                      else
  41   2                      {
  42   3                              LCD_ShowChar(1, 3, '+');
  43   3                              Temp = T;
  44   3                      }
  45   2                      LCD_ShowNum(1, 4, T, 3);
  46   2                      LCD_ShowNum(1, 8, (unsigned long)(T * 10000) % 10000, 2);
  47   2                      //按键修改模块
  48   2                      KeyNumber = Key();
  49   2                      if(KeyNumber)
  50   2                      {
  51   3                              if(KeyNumber == 1)
  52   3                              {
  53   4                                      TH ++;
  54   4                                      if(TH >= 120)
C51 COMPILER V9.60.7.0   MAIN                                                              10/11/2024 09:33:53 PAGE 2   

  55   4                                              TH --;
  56   4                              }
  57   3                              if(KeyNumber == 2)
  58   3                              {
  59   4                                      TH --;
  60   4                                      if(TH <= TL)
  61   4                                              TH ++;
  62   4                              }
  63   3                              if(KeyNumber == 3)
  64   3                              {
  65   4                                      TL ++;
  66   4                                      if(TL >= TH)
  67   4                                              TL --;
  68   4                              }
  69   3                              if(KeyNumber == 4)
  70   3                              {
  71   4                                      TL --;
  72   4                                      if(TL <= -55)
  73   4                                              TL ++;
  74   4                              }
  75   3                              AT24C02_WriteByte(10, TH);
  76   3                              AT24C02_WriteByte(11, TL);
  77   3                      }
  78   2                      //报警显示模块
  79   2                      if(T > TH || T < TL)
  80   2                      {
  81   3                              LCD_ShowString(1, 13, "OV:");
  82   3                              if(T > TH)
  83   3                                      LCD_ShowChar(1, 16, 'H');
  84   3                              if(T < TL)
  85   3                                      LCD_ShowChar(1, 16, 'L');
  86   3                      }
  87   2                      if(T < TH && T > TL)
  88   2                              LCD_ShowString(1, 13, "    ");
  89   2              }
  90   1      }
  91          
  92          void Timer0_Routine()   interrupt 1
  93          {
  94   1              static unsigned char i = 0;
  95   1              i ++;
  96   1              TL0 = 0x66;
  97   1              TH0 = 0xFC;
  98   1              if(i == 20)
  99   1              {
 100   2                      i = 0;
 101   2                      Key_Loop();
 102   2              }
 103   1      }


MODULE INFORMATION:   STATIC OVERLAYABLE
   CODE SIZE        =    679    ----
   CONSTANT SIZE    =     20    ----
   XDATA SIZE       =   ----    ----
   PDATA SIZE       =   ----    ----
   DATA SIZE        =     12    ----
   IDATA SIZE       =   ----    ----
   BIT SIZE         =   ----    ----
END OF MODULE INFORMATION.


C51 COMPILATION COMPLETE.  0 WARNING(S),  0 ERROR(S)
