C51 COMPILER V9.60.7.0   MAIN                                                              07/24/2023 18:06:21 PAGE 1   


C51 COMPILER V9.60.7.0, COMPILATION OF MODULE MAIN
OBJECT MODULE PLACED IN .\Objects\main.obj
COMPILER INVOKED BY: D:\Keil 5\C51\BIN\C51.EXE main.c OPTIMIZE(8,SPEED) BROWSE DEBUG OBJECTEXTEND PRINT(.\Listings\main.
                    -lst) OBJECT(.\Objects\main.obj)

line level    source

   1          #include <REGX52.H>
   2          #include "lcd1602.h"
   3          #include "delay.h"
   4          #include "matrixkey.h"
   5          #include "public.h"
   6          
   7          void main()
   8          {
   9   1              unsigned char number[5]={"0000"};
  10   1              unsigned char sign=0, keynum=0;
  11   1              unsigned char i=0, j=0;
  12   1              lcd1602_init();
  13   1              lcd1602_show_string(0, 0, "key:");
  14   1              lcd1602_show_string(0, 1, number);
  15   1              /*for(i=0;i<4;i++)
  16   1              {
  17   1                      j=3-i;
  18   1                      while(1)
  19   1                      {
  20   1                              sign=matrixkey();
  21   1                              if(sign<10)
  22   1                                      keynum=sign;
  23   1                              if(sign==10)
  24   1                                      keynum=0;
  25   1                              if(sign)
  26   1                              {
  27   1                                      number[j]=keynum;
  28   1                                      lcd1602_show_string(0, 1, number);
  29   1                                      break;
  30   1                              }
  31   1                      }
  32   1              }*/
  33   1              number[0]=1;
  34   1              lcd1602_show_string(0,1,number);
  35   1              while(1);
  36   1      }


MODULE INFORMATION:   STATIC OVERLAYABLE
   CODE SIZE        =     74    ----
   CONSTANT SIZE    =     10    ----
   XDATA SIZE       =   ----    ----
   PDATA SIZE       =   ----    ----
   DATA SIZE        =   ----       9
   IDATA SIZE       =   ----    ----
   BIT SIZE         =   ----    ----
END OF MODULE INFORMATION.


C51 COMPILATION COMPLETE.  0 WARNING(S),  0 ERROR(S)
