C51 COMPILER V9.60.7.0   DISPLAY                                                           07/20/2023 12:15:39 PAGE 1   


C51 COMPILER V9.60.7.0, COMPILATION OF MODULE DISPLAY
OBJECT MODULE PLACED IN .\Objects\display.obj
COMPILER INVOKED BY: D:\Keil 5\C51\BIN\C51.EXE display.c OPTIMIZE(8,SPEED) BROWSE DEBUG OBJECTEXTEND PRINT(.\Listings\di
                    -splay.lst) OBJECT(.\Objects\display.obj)

line level    source

   1          #include "mine.h"
   2          
   3          void display(unsigned char x, n, m)
   4          {
   5   1              unsigned char i=20;
   6   1              while(i--)
   7   1              {
   8   2                      nixie(3,x);
   9   2                      nixie(2,n);
  10   2                      nixie(1,m);
  11   2              }
  12   1      }


MODULE INFORMATION:   STATIC OVERLAYABLE
   CODE SIZE        =     51    ----
   CONSTANT SIZE    =   ----    ----
   XDATA SIZE       =   ----    ----
   PDATA SIZE       =   ----    ----
   DATA SIZE        =   ----       6
   IDATA SIZE       =   ----    ----
   BIT SIZE         =   ----    ----
END OF MODULE INFORMATION.


C51 COMPILATION COMPLETE.  0 WARNING(S),  0 ERROR(S)
