C51 COMPILER V9.60.7.0   MAIN                                                              07/20/2023 12:15:27 PAGE 1   


C51 COMPILER V9.60.7.0, COMPILATION OF MODULE MAIN
OBJECT MODULE PLACED IN .\Objects\main.obj
COMPILER INVOKED BY: D:\Keil 5\C51\BIN\C51.EXE main.c OPTIMIZE(8,SPEED) BROWSE DEBUG OBJECTEXTEND PRINT(.\Listings\main.
                    -lst) OBJECT(.\Objects\main.obj)

line level    source

   1          #include <REGX52.H>
   2          #include "mine.h"
   3          
   4          void main()
   5          {
   6   1              unsigned char x=0, n=0, m=0;    
   7   1              while(1)
   8   1              {
   9   2                      display(x, n, m);
  10   2                      if(m==9)
  11   2                      {
  12   3                              m=0;
  13   3                              n++;
  14   3                      }
  15   2                      else
  16   2                              m++;
  17   2                      if(m==9&&n==9)
  18   2                      {
  19   3                              display(x, n, m);
  20   3                              m=0;
  21   3                              n=0;
  22   3                              x++;
  23   3                      }
  24   2              }
  25   1      }


MODULE INFORMATION:   STATIC OVERLAYABLE
   CODE SIZE        =     68    ----
   CONSTANT SIZE    =   ----    ----
   XDATA SIZE       =   ----    ----
   PDATA SIZE       =   ----    ----
   DATA SIZE        =   ----       3
   IDATA SIZE       =   ----    ----
   BIT SIZE         =   ----    ----
END OF MODULE INFORMATION.


C51 COMPILATION COMPLETE.  0 WARNING(S),  0 ERROR(S)
