C51 COMPILER V9.60.7.0   ACTION                                                            07/25/2023 20:54:11 PAGE 1   


C51 COMPILER V9.60.7.0, COMPILATION OF MODULE ACTION
OBJECT MODULE PLACED IN .\Objects\action.obj
COMPILER INVOKED BY: D:\Keil 5\C51\BIN\C51.EXE action.c OPTIMIZE(8,SPEED) BROWSE DEBUG OBJECTEXTEND PRINT(.\Listings\act
                    -ion.lst) OBJECT(.\Objects\action.obj)

line level    source

   1          #include <REGX52.H>
   2          #include "LCD1602.h"
   3          #include "delay.h"
   4          
   5          void action()
   6          {
   7   1              LCD_ShowString(1, 1, "nothing");
   8   1              LCD_ShowString(2, 1, "haha(^ ^)");
   9   1      }


MODULE INFORMATION:   STATIC OVERLAYABLE
   CODE SIZE        =     26    ----
   CONSTANT SIZE    =     18    ----
   XDATA SIZE       =   ----    ----
   PDATA SIZE       =   ----    ----
   DATA SIZE        =   ----    ----
   IDATA SIZE       =   ----    ----
   BIT SIZE         =   ----    ----
END OF MODULE INFORMATION.


C51 COMPILATION COMPLETE.  0 WARNING(S),  0 ERROR(S)
