C51 COMPILER V9.60.7.0   MATRIXKEY                                                         07/24/2023 21:05:55 PAGE 1   


C51 COMPILER V9.60.7.0, COMPILATION OF MODULE MATRIXKEY
OBJECT MODULE PLACED IN .\Objects\matrixkey.obj
COMPILER INVOKED BY: D:\Keil 5\C51\BIN\C51.EXE matrixkey.c OPTIMIZE(8,SPEED) BROWSE DEBUG OBJECTEXTEND PRINT(.\Listings\
                    -matrixkey.lst) OBJECT(.\Objects\matrixkey.obj)

line level    source

   1          #include <REGX52.H>
   2          #include "delay.h"
   3          
   4          unsigned char matrixkey()
   5          {
   6   1              unsigned char keynum=0;
   7   1              
   8   1              P1=0xFF; P1_3=0;
   9   1              if(P1_7==0) 
  10   1              {
  11   2                      delay(20);
  12   2                      while(P1_7==0);
  13   2                      delay(20);
  14   2                      keynum=1;
  15   2              }
  16   1              if(P1_6==0) 
  17   1              {
  18   2                      delay(20);
  19   2                      while(P1_6==0);
  20   2                      delay(20);
  21   2                      keynum=5;
  22   2              }
  23   1              if(P1_5==0) 
  24   1              {
  25   2                      delay(20);
  26   2                      while(P1_5==0);
  27   2                      delay(20);
  28   2                      keynum=9;
  29   2              }
  30   1              if(P1_4==0) 
  31   1              {
  32   2                      delay(20);
  33   2                      while(P1_4==0);
  34   2                      delay(20);
  35   2                      keynum=13;
  36   2              }
  37   1              
  38   1              P1=0xFF; P1_2=0;
  39   1              if(P1_7==0) 
  40   1              {
  41   2                      delay(20);
  42   2                      while(P1_7==0);
  43   2                      delay(20);
  44   2                      keynum=2;
  45   2              }
  46   1              if(P1_6==0) 
  47   1              {
  48   2                      delay(20);
  49   2                      while(P1_6==0);
  50   2                      delay(20);
  51   2                      keynum=6;
  52   2              }
  53   1              if(P1_5==0) 
  54   1              {
C51 COMPILER V9.60.7.0   MATRIXKEY                                                         07/24/2023 21:05:55 PAGE 2   

  55   2                      delay(20);
  56   2                      while(P1_5==0);
  57   2                      delay(20);
  58   2                      keynum=10;
  59   2              }
  60   1              if(P1_4==0) 
  61   1              {
  62   2                      delay(20);
  63   2                      while(P1_4==0);
  64   2                      delay(20);
  65   2                      keynum=14;
  66   2              }
  67   1              
  68   1              P1=0xFF; P1_1=0;
  69   1              if(P1_7==0) 
  70   1              {
  71   2                      delay(20);
  72   2                      while(P1_7==0);
  73   2                      delay(20);
  74   2                      keynum=3;
  75   2              }
  76   1              if(P1_6==0) 
  77   1              {
  78   2                      delay(20);
  79   2                      while(P1_6==0);
  80   2                      delay(20);
  81   2                      keynum=7;
  82   2              }
  83   1              if(P1_5==0) 
  84   1              {
  85   2                      delay(20);
  86   2                      while(P1_5==0);
  87   2                      delay(20);
  88   2                      keynum=11;
  89   2              }
  90   1              if(P1_4==0) 
  91   1              {
  92   2                      delay(20);
  93   2                      while(P1_4==0);
  94   2                      delay(20);
  95   2                      keynum=15;
  96   2              }
  97   1              
  98   1              P1=0xFF; P1_0=0;
  99   1              if(P1_7==0) 
 100   1              {
 101   2                      delay(20);
 102   2                      while(P1_7==0);
 103   2                      delay(20);
 104   2                      keynum=4;
 105   2              }
 106   1              if(P1_6==0) 
 107   1              {
 108   2                      delay(20);
 109   2                      while(P1_6==0);
 110   2                      delay(20);
 111   2                      keynum=8;
 112   2              }
 113   1              if(P1_5==0) 
 114   1              {
 115   2                      delay(20);
 116   2                      while(P1_5==0);
C51 COMPILER V9.60.7.0   MATRIXKEY                                                         07/24/2023 21:05:55 PAGE 3   

 117   2                      delay(20);
 118   2                      keynum=12;
 119   2              }
 120   1              if(P1_4==0) 
 121   1              {
 122   2                      delay(20);
 123   2                      while(P1_4==0);
 124   2                      delay(20);
 125   2                      keynum=16;
 126   2              }
 127   1              
 128   1              return keynum;
 129   1      }


MODULE INFORMATION:   STATIC OVERLAYABLE
   CODE SIZE        =    393    ----
   CONSTANT SIZE    =   ----    ----
   XDATA SIZE       =   ----    ----
   PDATA SIZE       =   ----    ----
   DATA SIZE        =   ----       1
   IDATA SIZE       =   ----    ----
   BIT SIZE         =   ----    ----
END OF MODULE INFORMATION.


C51 COMPILATION COMPLETE.  0 WARNING(S),  0 ERROR(S)
