C51 COMPILER V9.60.7.0   MAIN                                                              07/19/2023 20:48:53 PAGE 1   


C51 COMPILER V9.60.7.0, COMPILATION OF MODULE MAIN
OBJECT MODULE PLACED IN .\Objects\main.obj
COMPILER INVOKED BY: D:\Keil 5\C51\BIN\C51.EXE main.c OPTIMIZE(8,SPEED) BROWSE DEBUG OBJECTEXTEND PRINT(.\Listings\main.
                    -lst) OBJECT(.\Objects\main.obj)

line level    source

   1          #include <REGX52.H>
   2          #include <INTRINS.H>
   3          
   4          unsigned char num[]={0x3F,0x06,0x5B,0x4F,0x66,0x6D,0x7D,0x07,0x7F,0x6F};
   5          
   6          void Delay(unsigned int time)
   7          {
   8   1              unsigned char data i, j;
   9   1              while(time--)
  10   1              {
  11   2                      _nop_();
  12   2                      _nop_();
  13   2                      _nop_();
  14   2                      i = 11;
  15   2                      j = 190;
  16   2                      do
  17   2                      {
  18   3                              while (--j);
  19   3                      } while (--i);
  20   2              }
  21   1      }
  22          
  23          void nixietube(unsigned char location, number)
  24          {
  25   1              switch(location)
  26   1              {
  27   2                      case 1:P2_4=0;P2_3=0;P2_2=0;break;
  28   2                      case 2:P2_4=0;P2_3=0;P2_2=1;break;
  29   2                      case 3:P2_4=0;P2_3=1;P2_2=0;break;
  30   2                      case 4:P2_4=0;P2_3=1;P2_2=1;break;
  31   2                      case 5:P2_4=1;P2_3=0;P2_2=0;break;
  32   2                      case 6:P2_4=1;P2_3=0;P2_2=1;break;
  33   2                      case 7:P2_4=1;P2_3=1;P2_2=0;break;
  34   2                      case 8:P2_4=1;P2_3=1;P2_2=1;break;
  35   2              }
  36   1              P0=num[number];
  37   1      }
  38          
  39          void main()
  40          {       
  41   1              unsigned char sou=0;
  42   1              while(1)
  43   1              {
  44   2                      Delay(250);
  45   2                      if(sou==9)
  46   2                              sou=0;
  47   2                      else
  48   2                              sou++;
  49   2                      nixietube(8,sou);
  50   2              }
  51   1      }


MODULE INFORMATION:   STATIC OVERLAYABLE
C51 COMPILER V9.60.7.0   MAIN                                                              07/19/2023 20:48:53 PAGE 2   

   CODE SIZE        =    151    ----
   CONSTANT SIZE    =   ----    ----
   XDATA SIZE       =   ----    ----
   PDATA SIZE       =   ----    ----
   DATA SIZE        =     10    ----
   IDATA SIZE       =   ----    ----
   BIT SIZE         =   ----    ----
END OF MODULE INFORMATION.


C51 COMPILATION COMPLETE.  0 WARNING(S),  0 ERROR(S)
