C51 COMPILER V9.60.7.0   MAIN                                                              08/03/2023 17:35:06 PAGE 1   


C51 COMPILER V9.60.7.0, COMPILATION OF MODULE MAIN
OBJECT MODULE PLACED IN .\Objects\main.obj
COMPILER INVOKED BY: D:\Keil_v5\C51\BIN\C51.EXE main.c OPTIMIZE(8,SPEED) BROWSE DEBUG OBJECTEXTEND PRINT(.\Listings\main
                    -.lst) OBJECT(.\Objects\main.obj)

line level    source

   1          #include <STC89C5xRC.H>
   2          #include "Mscreen.h"
   3          
   4          void main()
   5          {
   6   1              Mscreen_Init();
   7   1              while(1)
   8   1              {
   9   2                      Mscreen(0, 0x3C);
  10   2                      Mscreen(1, 0x42);
  11   2                      Mscreen(2, 0xA9);
  12   2                      Mscreen(3, 0x85);
  13   2                      Mscreen(4, 0x85);
  14   2                      Mscreen(5, 0xA9);
  15   2                      Mscreen(6, 0x42);
  16   2                      Mscreen(7, 0x3C);
  17   2              }
  18   1      }


MODULE INFORMATION:   STATIC OVERLAYABLE
   CODE SIZE        =     77    ----
   CONSTANT SIZE    =   ----    ----
   XDATA SIZE       =   ----    ----
   PDATA SIZE       =   ----    ----
   DATA SIZE        =   ----    ----
   IDATA SIZE       =   ----    ----
   BIT SIZE         =   ----    ----
END OF MODULE INFORMATION.


C51 COMPILATION COMPLETE.  0 WARNING(S),  0 ERROR(S)
