C51 COMPILER V9.60.7.0   MSCREEN                                                           08/03/2023 17:35:06 PAGE 1   


C51 COMPILER V9.60.7.0, COMPILATION OF MODULE MSCREEN
OBJECT MODULE PLACED IN .\Objects\Mscreen.obj
COMPILER INVOKED BY: D:\Keil_v5\C51\BIN\C51.EXE Mscreen.c OPTIMIZE(8,SPEED) BROWSE DEBUG OBJECTEXTEND PRINT(.\Listings\M
                    -screen.lst) OBJECT(.\Objects\Mscreen.obj)

line level    source

   1          #include <STC89C5xRC.H>
   2          #include "Delay.h"
   3          
   4          sbit SER=P3^4;
   5          sbit RCK=P3^5;
   6          sbit SCK=P3^6;
   7          
   8          void Mscreen_Init()
   9          {
  10   1              RCK=0;
  11   1              SCK=0;
  12   1      }
  13          
  14          void _74HC595_Write(unsigned char byte)
  15          {
  16   1              unsigned char i=0;
  17   1              
  18   1              for(;i<8;i++)
  19   1              {
  20   2                      SER=byte&(0x80>>i);
  21   2                      SCK=1;
  22   2                      SCK=0;
  23   2              }
  24   1              RCK=1;
  25   1              RCK=0;
  26   1      }
  27          
  28          void Mscreen(unsigned char column, Data)
  29          {
  30   1              _74HC595_Write(Data);
  31   1              P0=~(0x80>>column);
  32   1              Delay(1);
  33   1              P0=0xFF;
  34   1      }


MODULE INFORMATION:   STATIC OVERLAYABLE
   CODE SIZE        =     82    ----
   CONSTANT SIZE    =   ----    ----
   XDATA SIZE       =   ----    ----
   PDATA SIZE       =   ----    ----
   DATA SIZE        =   ----    ----
   IDATA SIZE       =   ----    ----
   BIT SIZE         =   ----    ----
END OF MODULE INFORMATION.


C51 COMPILATION COMPLETE.  0 WARNING(S),  0 ERROR(S)
