C51 COMPILER V9.60.7.0   AT24C02                                                           08/08/2023 13:38:04 PAGE 1   


C51 COMPILER V9.60.7.0, COMPILATION OF MODULE AT24C02
OBJECT MODULE PLACED IN .\Objects\AT24C02.obj
COMPILER INVOKED BY: D:\Keil_v5\C51\BIN\C51.EXE AT24C02.c OPTIMIZE(8,SPEED) BROWSE DEBUG OBJECTEXTEND PRINT(.\Listings\A
                    -T24C02.lst) OBJECT(.\Objects\AT24C02.obj)

line level    source

   1          #include <INTRINS.H>
   2          #include "I2C.h"
   3          
   4          #define AT24C02_Address 0xA0
   5          
   6          void Delay(unsigned char time)
   7          {
   8   1              unsigned char data i, j;
   9   1              while(time--)
  10   1              {
  11   2                      _nop_();
  12   2                      i = 2;
  13   2                      j = 199;
  14   2                      do
  15   2                      {
  16   3                              while (--j);
  17   3                      } while (--i);
  18   2              }
  19   1      }
  20          
  21          void AT24C02_WriteByte(unsigned char Address, Data)
  22          {
  23   1              I2C_Start();
  24   1              I2C_SendByte(AT24C02_Address);
  25   1              I2C_ReceiveAck();
  26   1              I2C_SendByte(Address);
  27   1              I2C_ReceiveAck();
  28   1              I2C_SendByte(Data);
  29   1              I2C_ReceiveAck();
  30   1              I2C_Stop();
  31   1              Delay(5);
  32   1      }
  33          
  34          unsigned char AT24C02_ReadByte(unsigned char Address)
  35          {
  36   1              unsigned char Data;
  37   1              I2C_Start();
  38   1              I2C_SendByte(AT24C02_Address);
  39   1              I2C_ReceiveAck();
  40   1              I2C_SendByte(Address);
  41   1              I2C_ReceiveAck();
  42   1              I2C_Start();
  43   1              I2C_SendByte(AT24C02_Address | 0x01);
  44   1              I2C_ReceiveAck();
  45   1              Data = I2C_ReceiveByte();
  46   1              I2C_SendAck(1);
  47   1              I2C_Stop();
  48   1              return Data;
  49   1      }


MODULE INFORMATION:   STATIC OVERLAYABLE
   CODE SIZE        =    107    ----
   CONSTANT SIZE    =   ----    ----
C51 COMPILER V9.60.7.0   AT24C02                                                           08/08/2023 13:38:04 PAGE 2   

   XDATA SIZE       =   ----    ----
   PDATA SIZE       =   ----    ----
   DATA SIZE        =   ----       5
   IDATA SIZE       =   ----    ----
   BIT SIZE         =   ----    ----
END OF MODULE INFORMATION.


C51 COMPILATION COMPLETE.  0 WARNING(S),  0 ERROR(S)
