C51 COMPILER V9.60.7.0   I2C                                                               08/08/2023 13:38:04 PAGE 1   


C51 COMPILER V9.60.7.0, COMPILATION OF MODULE I2C
OBJECT MODULE PLACED IN .\Objects\I2C.obj
COMPILER INVOKED BY: D:\Keil_v5\C51\BIN\C51.EXE I2C.c OPTIMIZE(8,SPEED) BROWSE DEBUG OBJECTEXTEND PRINT(.\Listings\I2C.l
                    -st) OBJECT(.\Objects\I2C.obj)

line level    source

   1          #include <STC89C5xRC.H>
   2          
   3          sbit SCL = P2^1;
   4          sbit SDA = P2^0;
   5          
   6          void I2C_Start()
   7          {
   8   1              SCL = 1;
   9   1              SDA = 1;
  10   1              SDA = 0;
  11   1              SCL = 0;
  12   1      }
  13          
  14          void I2C_Stop()
  15          {
  16   1              SDA = 0;
  17   1              SCL = 1;
  18   1              SDA = 1;
  19   1      }
  20          
  21          void I2C_SendByte(unsigned char Data)
  22          {
  23   1              unsigned char i;
  24   1              for(i = 0; i < 8; i++)
  25   1              {
  26   2                      SDA = Data & (0x80>>i);
  27   2                      SCL = 1;
  28   2                      SCL = 0;
  29   2              }
  30   1      }
  31          
  32          unsigned char I2C_ReceiveByte()
  33          {
  34   1              unsigned char i, Data = 0x00;
  35   1              SDA = 1;
  36   1              for(i = 0; i < 8; i++)
  37   1              {
  38   2                      SCL = 1;
  39   2                      if(SDA)
  40   2                              Data |= (0x80>>i);
  41   2                      SCL = 0;
  42   2              }
  43   1              return Data;
  44   1      }
  45          
  46          void I2C_SendAck(bit Ack)
  47          {
  48   1              SDA = Ack;
  49   1              SCL = 1;
  50   1              SCL = 0;
  51   1      }
  52          
  53          void I2C_ReceiveAck()
  54          {
C51 COMPILER V9.60.7.0   I2C                                                               08/08/2023 13:38:04 PAGE 2   

  55   1              SDA = 1;
  56   1              SCL = 1;
  57   1              SCL = 0;
  58   1      }


MODULE INFORMATION:   STATIC OVERLAYABLE
   CODE SIZE        =    103    ----
   CONSTANT SIZE    =   ----    ----
   XDATA SIZE       =   ----    ----
   PDATA SIZE       =   ----    ----
   DATA SIZE        =   ----    ----
   IDATA SIZE       =   ----    ----
   BIT SIZE         =   ----       1
END OF MODULE INFORMATION.


C51 COMPILATION COMPLETE.  0 WARNING(S),  0 ERROR(S)
