C51 COMPILER V9.60.7.0   MAIN                                                              08/08/2023 13:38:04 PAGE 1   


C51 COMPILER V9.60.7.0, COMPILATION OF MODULE MAIN
OBJECT MODULE PLACED IN .\Objects\main.obj
COMPILER INVOKED BY: D:\Keil_v5\C51\BIN\C51.EXE main.c OPTIMIZE(8,SPEED) BROWSE DEBUG OBJECTEXTEND PRINT(.\Listings\main
                    -.lst) OBJECT(.\Objects\main.obj)

line level    source

   1          #include <STC89C5xRC.H>
   2          #include "AT24C02.h"
   3          #include "LCD1602.h"
   4          
   5          unsigned char Data;
   6          
   7          void main()
   8          {
   9   1              LCD_Init();
  10   1              AT24C02_WriteByte(1, 88);
  11   1              Data = AT24C02_ReadByte(1);
  12   1              LCD_ShowNum(1, 1, Data, 3);
  13   1              while(1)
  14   1              {
  15   2                      
  16   2              }
  17   1      }


MODULE INFORMATION:   STATIC OVERLAYABLE
   CODE SIZE        =     35    ----
   CONSTANT SIZE    =   ----    ----
   XDATA SIZE       =   ----    ----
   PDATA SIZE       =   ----    ----
   DATA SIZE        =      1    ----
   IDATA SIZE       =   ----    ----
   BIT SIZE         =   ----    ----
END OF MODULE INFORMATION.


C51 COMPILATION COMPLETE.  0 WARNING(S),  0 ERROR(S)
