C51 COMPILER V9.60.7.0   MAIN                                                              08/04/2023 11:08:43 PAGE 1   


C51 COMPILER V9.60.7.0, COMPILATION OF MODULE MAIN
OBJECT MODULE PLACED IN .\Objects\main.obj
COMPILER INVOKED BY: D:\Keil_v5\C51\BIN\C51.EXE main.c OPTIMIZE(8,SPEED) BROWSE DEBUG OBJECTEXTEND PRINT(.\Listings\main
                    -.lst) OBJECT(.\Objects\main.obj)

line level    source

   1          #include <STC89C5xRC.H>
   2          #include "Mscreen.h"
   3          #include "Timer0.h"
   4          
   5          unsigned char offset;
   6          unsigned char code Character[]={
   7                  0x00,0x00,0x00,0x00,0x00,0x00,0x00,0x00,
   8                  0xFF,0x08,0x08,0x08,0x08,0xFF,0x00,0x1F,0x68,0x88,0x88,0x68,0x1F,0x00,0xFF,0x88,
   9                  0x88,0x88,0x70,0x00,0xFF,0x88,0x88,0x88,0x70,0x00,0xC0,0x30,0x10,0x1F,0x10,0x30,
  10                  0xC0,0x00,0x00,0x00,0x00,0x00,0x00,0x00,0x00,0xFF,0x91,0x91,0x91,0x6E,0x00,0xBF,
  11                  0x00,0x00,0xFF,0x98,0x94,0x92,0x61,0x00,0x80,0x80,0x80,0xFF,0x80,0x80,0x80,0x00,
  12                  0xFF,0x08,0x08,0x08,0x08,0xFF,0x00,0xFF,0x81,0x81,0x81,0x42,0x3C,0x00,0x1F,0x68,
  13                  0x88,0x88,0x68,0x1F,0x00,0xC0,0x30,0x10,0x1F,0x10,0x30,0xC0,0x00,0x00,0x00,0x00,
  14                  0xFD,0xFD,
  15                  0x00,0x00,0x00,0x00,0x00,0x00,0x00,0x00
  16                  };
  17                  //显示HAPPY BIRTHDAY!
  18                  
  19          void main()
  20          {
  21   1              unsigned char i;
  22   1              Mscreen_Init();
  23   1              Timer0_Init();
  24   1              while(1)
  25   1              {
  26   2                      for(i=0;i<8;i++)
  27   2                      {
  28   3                              Mscreen(i, Character[i+offset]);
  29   3                      }
  30   2              }
  31   1      }
  32          
  33          void Timer0_Routine()   interrupt 1
  34          {
  35   1              static unsigned char count=0;
  36   1              count++;
  37   1              
  38   1              TL0 = 0x66;
  39   1              TH0 = 0xFC;
  40   1              
  41   1              if(count==250)
  42   1              {
  43   2                      count=0;
  44   2                      offset++;
  45   2                      if(offset>=106)         //数组Character[]中数的个数-8
  46   2                              offset=0;
  47   2              }
  48   1      }
  49          /**@brief  利用定时器0来控制点阵屏的显示速度
  50            *@param  count 每加一offset增加时间提高1ms
  51            *@retval 无
  52            */


C51 COMPILER V9.60.7.0   MAIN                                                              08/04/2023 11:08:43 PAGE 2   

MODULE INFORMATION:   STATIC OVERLAYABLE
   CODE SIZE        =     73    ----
   CONSTANT SIZE    =    114    ----
   XDATA SIZE       =   ----    ----
   PDATA SIZE       =   ----    ----
   DATA SIZE        =      2       1
   IDATA SIZE       =   ----    ----
   BIT SIZE         =   ----    ----
END OF MODULE INFORMATION.


C51 COMPILATION COMPLETE.  0 WARNING(S),  0 ERROR(S)
