C51 COMPILER V9.60.7.0   MAIN                                                              10/11/2024 09:28:10 PAGE 1   


C51 COMPILER V9.60.7.0, COMPILATION OF MODULE MAIN
OBJECT MODULE PLACED IN .\Objects\main.obj
COMPILER INVOKED BY: D:\Keil\MDK_C51\C51\BIN\C51.EXE main.c OPTIMIZE(8,SPEED) BROWSE DEBUG OBJECTEXTEND PRINT(.\Listings
                    -\main.lst) OBJECT(.\Objects\main.obj)

line level    source

   1          #include <STC89C5xRC.H>
   2          #include "Public.h"
   3          
   4          #define SPEED 690
   5          
   6          sbit BEEP = P2^5;
   7          
   8          unsigned int code Tone[] = {63777,63872,63969,64054,64140,64216,64291,64360,64426,64489,64547,64603,
   9                                                               64655,64704,64751,64795,64837,64876,64913,64948,64981,65012,65042,65068,
  10                                                               65103,65120,65144,65166,65186,65206,65225,65242,65259,65274,65289,65303,
  11                                                               0};
  12          unsigned char code Music[] = {
  13                  H1,3,
  14                  M7,3,
  15                  M5,4,
  16                  M2,2,
  17                  M3,12,
  18                  H1,3,
  19                  M7,3,
  20                  M5,2,
  21                  M2,6,
  22                  M1,6,
  23                  L7,2,
  24                  L6,2,
  25                  L7,1,
  26                  M1,2,
  27                  M5,3,
  28                  L7,2,
  29                  M1,1,
  30                  M2,2,
  31                  M7,3
  32          };
  33          unsigned char Tone_Select, Music_Select;
  34          
  35          void main()
  36          {
  37   1              unsigned int Number = sizeof (Music) / sizeof (char) - 1;
  38   1              
  39   1              Timer0_Init();
  40   1              while ( 1 )
  41   1              {
  42   2                      if (Music_Select > Number)
  43   2                              Music_Select = 0;
  44   2                      Tone_Select = Music[ Music_Select ];
  45   2                      Music_Select++;
  46   2                      Delay( SPEED / 4 * Music[ Music_Select ] );
  47   2                      Music_Select++;
  48   2                      TR0 = 0;
  49   2                      Delay( 2 );
  50   2                      TR0 = 1;
  51   2              }
  52   1      }
  53          
  54          void Timer0_Routine()   interrupt 1
C51 COMPILER V9.60.7.0   MAIN                                                              10/11/2024 09:28:10 PAGE 2   

  55          {
  56   1              if( Tone[ Tone_Select ] )
  57   1              {
  58   2                      TH0 = Tone[ Tone_Select ] / 256;
  59   2                      TL0 = Tone[ Tone_Select ] % 256;
  60   2                      BEEP = !BEEP;
  61   2              }
  62   1      }


MODULE INFORMATION:   STATIC OVERLAYABLE
   CODE SIZE        =    143    ----
   CONSTANT SIZE    =    112    ----
   XDATA SIZE       =   ----    ----
   PDATA SIZE       =   ----    ----
   DATA SIZE        =      2       2
   IDATA SIZE       =   ----    ----
   BIT SIZE         =   ----    ----
END OF MODULE INFORMATION.


C51 COMPILATION COMPLETE.  0 WARNING(S),  0 ERROR(S)
